<?xml version="1.0" encoding="UTF-8"?>
<!-- Generated by org.testng.reporters.JUnitReportReporter -->
<testsuite hostname="keshabs-imac.lan" failures="0" tests="2" name="tests.NewTest" time="26.935" errors="0" timestamp="2020-04-09T20:16:26 EDT" skipped="1">
  <testcase classname="tests.NewTest" name="f" time="26.935"/>
  <system-out/>
  <testcase classname="tests.NewTest" name="f1">
    <skipped/>
  </testcase> <!-- f1 -->
  <system-out/>
</testsuite> <!-- tests.NewTest -->
