<?xml version="1.0" encoding="UTF-8"?>
<!-- Generated by org.testng.reporters.JUnitReportReporter -->
<testsuite hostname="keshabs-imac.lan" failures="0" tests="1" name="NewTestAutomation.testautomation.FirstTestNGTest" time="37.332" errors="0" timestamp="2020-04-09T18:05:46 EDT" skipped="0">
  <testcase classname="NewTestAutomation.testautomation.FirstTestNGTest" name="f" time="37.332"/>
  <system-out/>
</testsuite> <!-- NewTestAutomation.testautomation.FirstTestNGTest -->
